Using GPU on midway3-0279.rcc.local
HF cache dir: /scratch/midway3/xpan02/hf_cache
Labeled topic -1: Casual Conversations
Labeled topic 0: Pets and Animals
Labeled topic 1: Online Conversations
Labeled topic 2: Online Survey Chat
Labeled topic 3: Education during COVID-19
Labeled topic 4: TV Shows & Movies
Labeled topic 5: Weather and Seasons
Labeled topic 6: Mask Usage Debate
Labeled topic 7: Video Game Discussions
Labeled topic 8: Sports during COVID-19
Labeled topic 9: Cooking and Eating Habits
Labeled topic 10: Housing Costs Discussion
Labeled topic 11: COVID-19 Experiences
Labeled topic 12: COVID-19 Vaccine Discussion
Labeled topic 13: Parenting Experiences
Labeled topic 14: Remote Work Trends
Labeled topic 15: Technical Issues in Calls
Labeled topic 16: Creative Hobbies
Labeled topic 17: No-show Conversations
Labeled topic 18: Trump and 2020 Election
Labeled topic 19: Music Preferences
Labeled topic 20: International Travel Experiences
Labeled topic 21: Language Learning
Labeled topic 22: Literature Discussion
Labeled topic 23: Religion and Belief
Labeled topic 24: Technology Issues
Labeled topic 25: Extreme Weather Events
Labeled topic 26: Business Closures
Labeled topic 27: Pandemic Unemployment Impact
Labeled topic 28: Playing Musical Instruments
Labeled topic 29: 2020 Events Reflection
Labeled topic 30: Food and Restaurants
Labeled topic 31: Prolific Experience
Labeled topic 32: Wildfire Impact Discussion
Labeled topic 33: Conversation Studies
Labeled topic 34: Exercise and Fitness
Labeled topic 35: Family Health Challenges
Labeled topic 36: Protests and Civil Unrest
Labeled topic 37: City Living Experiences
Labeled topic 38: Sleep Patterns
Labeled topic 39: Race and Identity Discussions
Labeled topic 40: Travel Disruptions
Labeled topic 41: Stock Market Investing
Labeled topic 42: Wedding Planning
Labeled topic 43: Hiking and Outdoors
Labeled topic 44: Cannabis and Legalization
Labeled topic 45: Hair Care and Styling
Labeled topic 46: Healthcare Challenges
Labeled topic 47: Social Media Usage
Labeled topic 48: COVID-19 Case Trends
Labeled topic 49: Texas Living & Travel
Labeled topic 50: Age and Life Stages
Labeled topic 51: Holiday Gatherings During Covid
Labeled topic 52: Work and Careers
Labeled topic 53: Medical Careers Exploration
Labeled topic 54: Programming Languages Discussion
Labeled topic 55: Driving Experiences
Labeled topic 56: Public Transit Issues
Labeled topic 57: Online User Testing
Labeled topic 58: Online Survey Earnings
Labeled topic 59: Online Conversations
Labeled topic 60: Online Reward Programs
Labeled topic 61: Psychology Education Paths
Labeled topic 62: Teaching Experiences
Labeled topic 63: Introversion vs Extroversion
Labeled topic 64: Writing and Publishing
Labeled topic 65: Visa and Citizenship Issues
Labeled topic 66: West Coast Living
Labeled topic 67: Relocation Decisions
Labeled topic 68: Regional Living Experiences
Labeled topic 69: Healthcare Costs and Access
Labeled topic 70: Wildlife Encounters
Labeled topic 71: Participating in Focus Groups
Labeled topic 72: Halloween Traditions
Labeled topic 73: Zoom Usage Discussion
Labeled topic 74: Currency Exchange Earnings
Labeled topic 75: Math Experiences
Labeled topic 76: Grocery and Food Delivery
Labeled topic 77: Home Gardening
Labeled topic 78: Voting Challenges
Labeled topic 79: Critique of America
Labeled topic 80: Tech Careers & Skills
Labeled topic 81: Regional Accents
Labeled topic 82: Biology Studies
Labeled topic 83: Political Discussions
Labeled topic 84: Tattoo Experiences
Labeled topic 85: Names and Naming
Labeled topic 86: Online Side Gigs
Labeled topic 87: Prolific Assistant Extension
Labeled topic 88: Discussing Hobbies
Labeled topic 89: Law School Experiences
Labeled topic 90: Internet and Phone Plans
Labeled topic 91: Technology Evolution
Labeled topic 92: Education and Career Paths
Labeled topic 93: Wealth and Lifestyle
Labeled topic 94: Chronic Pain Management
Labeled topic 95: Cybersecurity Concerns
Labeled topic 96: Snakes and Wildlife
Labeled topic 97: Political Geography in US
Labeled topic 98: Autism and Diagnosis
Labeled topic 99: Beer Money Sites
Labeled topic 100: Credit Card Strategies
Labeled topic 101: Traveling to Canada
Labeled topic 102: Fear of Insects
Labeled topic 103: California Living
Labeled topic 104: Energy Sources Debate
Labeled topic 105: Family Living Situations
Labeled topic 106: Casino Gambling Experiences
Labeled topic 107: Prolific Study Conversations
Labeled topic 108: Amazon Mechanical Turk
Labeled topic 109: Generational Differences
Labeled topic 110: Quarantine Experiences
Labeled topic 111: Rural Living and Farming
Labeled topic 112: Movie Theaters' Decline
Labeled topic 113: Police Misconduct and Gun Issues
Labeled topic 114: Retail Work Experiences
Labeled topic 115: Time Management Challenges
Labeled topic 116: Medical Procedures and Recovery
Labeled topic 117: Political Party Dynamics
Labeled topic 118: Mental Health Challenges
Labeled topic 119: Work-Life Balance
Labeled topic 120: Website Development
Labeled topic 121: Family Dynamics
Labeled topic 122: Chemistry Education
Labeled topic 123: College Costs Discussion
Labeled topic 124: Vision and Eyewear
Labeled topic 125: Las Vegas Trips
Labeled topic 126: Beach Visits
Labeled topic 127: Extra Income Spending
Labeled topic 128: Alcohol Use and Effects
Labeled topic 129: Pet Birds and Care
Labeled topic 130: Student Loan Debt
Labeled topic 131: Midwest Living & Travel
Labeled topic 132: Toilet Paper Shortage
Labeled topic 133: Podcasts and YouTube Channels
Labeled topic 134: Backyard Chickens
Labeled topic 135: Weather and Rain
Labeled topic 136: Exiting Online Survey
Labeled topic 137: Combat Sports Discussion
Labeled topic 138: Disney and Theme Parks
Labeled topic 139: VR and Simulators
Labeled topic 140: 2020 US Election
Labeled topic 141: Flat Landscapes in US
Labeled topic 142: Genealogy and Ancestry
Labeled topic 143: Voting System Issues
Labeled topic 144: Theater and Acting
Labeled topic 145: Russian culture and history
Labeled topic 146: Medical Issues and Treatment
Labeled topic 147: Event Ticketing Challenges
Labeled topic 148: School Covid Challenges
Labeled topic 149: Disney Parks Closure
Labeled topic 150: Unconventional Relationships
Labeled topic 151: Online English Teaching
Labeled topic 152: Military Careers
Labeled topic 153: Science and Misinformation
Labeled topic 154: 2020 U.S. Election Concerns
Labeled topic 155: Parenting Challenges
Labeled topic 156: Streaming vs Cable TV
Labeled topic 157: Winter Sports Activities
Labeled topic 158: Fireworks and Regulations
Labeled topic 159: Cheap Flight Deals
Labeled topic 160: Theater During COVID-19
Labeled topic 161: Social Interactions
Labeled topic 162: Driving and Traffic Issues
Labeled topic 163: COVID-19 Experiences
Labeled topic 164: Living in Florida
Labeled topic 165: Rising College Costs
Labeled topic 166: COVID-19 Response Critique
Labeled topic 167: Daylight Savings Time
Labeled topic 168: Military Experiences
Labeled topic 169: Grocery Store Preferences
Labeled topic 170: Deaf Culture and Sign Language
Labeled topic 171: Pet Waste Management
Labeled topic 172: Carol Baskin Allegations
Labeled topic 173: Travel Destinations
Labeled topic 174: Cleaning and Hygiene Practices
Labeled topic 175: Women's Work Changes
Labeled topic 176: Retirement Planning
Labeled topic 177: Disability Benefits Challenges
Labeled topic 178: Animal Research Models
Labeled topic 179: Rural Life & Hunting
Labeled topic 180: Memory and Cognition
Labeled topic 181: Personal Relocation Stories
Labeled topic 182: Arizona and Surroundings
Labeled topic 183: Amusement Park Rides
Labeled topic 184: Making Money on MTurk
Labeled topic 185: Unstructured Conversations
Labeled topic 186: Outdoor Dining Challenges
Labeled topic 187: Dating and Relationships
Labeled topic 188: Meditation Practices
Labeled topic 189: Engineering Careers
Labeled topic 190: Internship Challenges
Labeled topic 191: Chaotic RPG Campaign
Labeled topic 192: Chicago Living Experiences
Labeled topic 193: Earthquake Experiences
Labeled topic 194: Store Capacity Limits
Labeled topic 195: Covid on campuses
Labeled topic 196: Career Reflections
Labeled topic 197: Therapy Experiences
Labeled topic 198: AI and Future Society
Labeled topic 199: Broadway Musicals Discussion
Labeled topic 200: Weekend Plans
Labeled topic 201: Prolific survey experiences
Labeled topic 202: Prolific Survey Platform
Labeled topic 203: Social Isolation Experiences
Labeled topic 204: College Experiences
Labeled topic 205: Fishing and Catfishing
Labeled topic 206: Education and Career Choices
Labeled topic 207: Online Transcription Work
Labeled topic 208: Home Renovation Issues
Labeled topic 209: Disability Support Services
Labeled topic 210: Allergy Experiences
Labeled topic 211: Exotic Animal Ownership
Labeled topic 212: New England Travel
Labeled topic 213: Reddit Communities
Labeled topic 214: Midwest Geography & Culture
Labeled topic 215: Careers in Art
Labeled topic 216: Financial Mismanagement and Fraud
Labeled topic 217: Manufacturing Processes
Labeled topic 218: Online Surveys Experience
Labeled topic 219: Online Selling Strategies
Labeled topic 220: Stimulus Checks Discussion
Labeled topic 221: Event Cancellations
Labeled topic 222: News Consumption Fatigue
Labeled topic 223: History Education
Labeled topic 224: Hospitality Careers
Labeled topic 225: Gaming Console Releases
Labeled topic 226: Socializing During Pandemic
Labeled topic 227: Discussing Locations Lived
Labeled topic 228: Medical Mishaps
Labeled topic 229: Alcohol and Drinks
Labeled topic 230: Healthcare Work Roles
Labeled topic 231: Cruise Concerns
Labeled topic 232: Horse Care and Riding
Labeled topic 233: Governors' Pandemic Response
Labeled topic 234: Writing Challenges
Labeled topic 235: Audio Equipment Discussion
Labeled topic 236: Music Education Careers
Labeled topic 237: Coping with COVID-19
Labeled topic 238: Addiction and Recovery
Labeled topic 239: Lucid Dreaming Experiences
Labeled topic 240: Careers in Criminal Justice
Labeled topic 241: Great Lakes Discussion
Labeled topic 242: Experiences in Japan
Labeled topic 243: Balancing School and Work
Labeled topic 244: Living in NY/NJ
Labeled topic 245: Pool Reopening Concerns
Labeled topic 246: NYC during pandemic
Labeled topic 247: Dancing and Socializing
Labeled topic 248: Internet Trolls & Memes
Labeled topic 249: Online Discourse Challenges
Labeled topic 250: College Experiences
Labeled topic 251: University Experiences
Labeled topic 252: Conversations with Strangers
Labeled topic 253: Online Surveys & Payments
Labeled topic 254: Travel and Quarantine
Labeled topic 255: Eating Habits & Spending
Labeled topic 256: Creative Design & Development
Labeled topic 257: Teaching Careers
Labeled topic 258: Beekeeping and Honey
Labeled topic 259: Commuting Experiences
Labeled topic 260: Travel Experiences
Labeled topic 261: Online Deals & Rewards
Labeled topic 262: Plasma Donation
Labeled topic 263: Living Spaces
Labeled topic 264: German Heritage & Travel
Labeled topic 265: Impact of Pandemic on Businesses
Labeled topic 266: Aging and Appearance
Labeled topic 267: Aviation Experiences
Labeled topic 268: Oil Pollution Impact
Labeled topic 269: Social Interactions
Labeled topic 270: Child Welfare Challenges
Labeled topic 271: Tipping Practices
Labeled topic 272: Online Earning Platforms
Labeled topic 273: Language and Culture Experiences
Labeled topic 274: Climate Change Concerns
Labeled topic 275: Scam Experiences
Labeled topic 276: New Jersey vs. New York
Labeled topic 277: Gun Ownership and Use
Labeled topic 278: Gas Prices During COVID
Labeled topic 279: Fixed Gear Bikes
Labeled topic 280: Media Bias and Misinformation
Labeled topic 281: Universal Basic Income
Labeled topic 282: Travel to Japan
Labeled topic 283: International Education and Work
Labeled topic 284: Wisconsin Culture
Labeled topic 285: College Housing Experiences
Labeled topic 286: Racing Enthusiasts
Labeled topic 287: Remote Work Transition
Labeled topic 288: Job Experiences and Challenges
Labeled topic 289: Career Transitions
Labeled topic 290: Work and Education
Labeled topic 291: Choosing Engineering Majors
Labeled topic 292: Weekend Activities
Labeled topic 293: Reptile and Pet Care
Labeled topic 294: Education and Career Choices
Labeled topic 295: Climate Preferences
Labeled topic 296: Geographic Comparisons
Labeled topic 297: Social Work Careers
Labeled topic 298: Travel Experiences
Labeled topic 299: Florida COVID-19 Response
Labeled topic 300: Harry Potter Fandom
Labeled topic 301: Study Abroad Experiences
Labeled topic 302: College Experiences
Labeled topic 303: MTurk Tools & Scripts
Labeled topic 304: Online English Teaching
Labeled topic 305: Voice Assistants Concerns
Labeled topic 306: Hygiene Practices
Labeled topic 307: Organic Produce Concerns
Labeled topic 308: US Geography Discussion
Labeled topic 309: College Campus Life
Labeled topic 310: Political Polarization
Labeled topic 311: Career and Volunteering
Labeled topic 312: Invasive Species Impact
Labeled topic 313: Personal Growth and Relationships
Labeled topic 314: Challenging Professors
Labeled topic 315: Abortion Debate
Labeled topic 316: Online Earnings
Labeled topic 317: Living in Colorado
Labeled topic 318: Casual Conversations
Labeled topic 319: Coping with Illness
Labeled topic 320: Coffee Preferences
Labeled topic 321: Yoga and Mindfulness
Labeled topic 322: COVID-19 Impact on Cities
Labeled topic 323: COVID-19 Origins Debate
Labeled topic 324: Sales and Compensation
Labeled topic 325: Online Survey Platforms
Labeled topic 326: Relationships and Breakups
Labeled topic 327: Online Survey Earnings
Labeled topic 328: High School vs College Friends
Labeled topic 329: Stand-up Comedy Challenges
Labeled topic 330: Hobbies and Interests
Labeled topic 331: Online Survey Platforms
Labeled topic 332: Sensory Experiences
Labeled topic 333: Anatomy Education
Labeled topic 334: College Education Paths
Labeled topic 335: Political Polarization
Labeled topic 336: Dental Hygiene Discussion
Labeled topic 337: Prison System Issues
Labeled topic 338: Bruce Wayne Fan Fiction
Labeled topic 339: Birthday Discussions
Labeled topic 340: Alcohol Consumption Trends
Labeled topic 341: Homelessness Issues
Labeled topic 342: Art and Creativity
Labeled topic 343: Unstructured Conversations
Labeled topic 344: True Crime Stories
Labeled topic 345: Pandemic Comparisons
Labeled topic 346: Life Reflections
Labeled topic 347: Evolution of Music Media
Labeled topic 348: Quarantine Restrictions
Labeled topic 349: Crime and Kidnapping
Labeled topic 350: Fear of Needles
Labeled topic 351: Disney Theme Parks
Labeled topic 352: Fear and Coping
Labeled topic 353: Career Paths in Finance
Labeled topic 354: Religion and Politics
Labeled topic 355: Conversation Matching Experiences
Labeled topic 356: Pandemic Lockdowns
Labeled topic 357: Work Schedules
Labeled topic 358: LGBTQ+ Experiences
Labeled topic 359: Covid-era Activities
Labeled topic 360: Job Changes During COVID
Labeled topic 361: Random Conversations
Labeled topic 362: Trump and COVID-19
Labeled topic 363: IRA Tax Strategies
Labeled topic 364: Youtube Usage
Labeled topic 365: Relocation and Travel Plans
Saved: topic-label_all.csv
