Labeled topic -1: Job Changes, Financial Advice
Labeled topic 0: Pet Talk
Labeled topic 1: Movie/TV Chat
Labeled topic 2: Job Interview
Labeled topic 3: Online Learning
Labeled topic 4: Election Issues
Labeled topic 5: Weather Discussion
Labeled topic 6: Food Preferences
Labeled topic 7: Gaming Memories
Labeled topic 8: Mask Usage
Labeled topic 9: Sports Talk
Labeled topic 10: Coronavirus Impact
Labeled topic 11: Housing Costs
Labeled topic 12: Working From Home
Labeled topic 13: Parenting & Family
Labeled topic 14: Travel Planning
Labeled topic 15: Online Chatting
Labeled topic 16: Location Chat
Labeled topic 17: Video Chat Issues
Labeled topic 18: Religious Discussions
Labeled topic 19: COVID reopening
Labeled topic 20: Language Learning
Labeled topic 21: Chatting rudely
Labeled topic 22: Crafting & Art
Labeled topic 23: Unemployment
Labeled topic 24: Freelance Work
Labeled topic 25: Vaccine Discussion
Labeled topic 26: Tech Gadgets
Labeled topic 27: Music Education
Labeled topic 28: Finance Talk
Labeled topic 29: End Times Speculation
Labeled topic 30: Academic Choices
Labeled topic 31: Wildfires Discussion
Labeled topic 32: COVID Updates
Labeled topic 33: Exercise & Health
Labeled topic 34: Mathematics
Labeled topic 35: Health & Care
Labeled topic 36: Work Flexibility
Labeled topic 37: Online Studies
Labeled topic 38: Weather Events
Labeled topic 39: Online Chatting
Labeled topic 40: Wedding Plans
Labeled topic 41: Race & Prejudice
Labeled topic 42: Protests & Violence
Labeled topic 43: Travel Plans
Labeled topic 44: Writing & Publishing
Labeled topic 45: Sleep & Schedule
Labeled topic 46: Social Media Usage
Labeled topic 47: Social Isolation
Labeled topic 48: Urban Life
Labeled topic 49: Tobacco & Pot
Labeled topic 50: Texas Talk
Labeled topic 51: Hair & Self-Care
Labeled topic 52: Medical Planning
Labeled topic 53: Coding Struggles
Labeled topic 54: Hiking & Nature
Labeled topic 55: Holiday Plans
Labeled topic 56: Age & Growth
Labeled topic 57: Family Updates
Labeled topic 58: Healthcare Work
Labeled topic 59: Social Critique
Labeled topic 60: Music Preferences
Labeled topic 61: Medical Procedures
Labeled topic 62: Grocery Delivery
Labeled topic 63: Online Testing
Labeled topic 64: Academic Choices
Labeled topic 65: Market Research
Labeled topic 66: Conversation
Labeled topic 67: Campus Comparison
Labeled topic 68: Online Surveys
Labeled topic 69: Currency Conversion
Labeled topic 70: Survey Participation
Labeled topic 71: Healthcare Issues
Labeled topic 72: Decluttering & Shopping
Labeled topic 73: Accent Recognition
Labeled topic 74: Internet Issues
Labeled topic 75: Name Conversations
Labeled topic 76: Hobbies & Activities
Labeled topic 77: Side Gigs
Labeled topic 78: Prolific Notifications
Labeled topic 79: Political Geography
Labeled topic 80: Tattoo Discussions
Labeled topic 81: Public Transit
Labeled topic 82: Poker Gambling
Labeled topic 83: Travel & Jobs
Labeled topic 84: Location Talk
Labeled topic 85: Streaming & TV
Labeled topic 86: Law School
Labeled topic 87: Video Conferencing
Labeled topic 88: Technology Shifts
Labeled topic 89: School Reopening
Labeled topic 90: Halloween Plans
Labeled topic 91: Health Issues
Labeled topic 92: Generational Issues
Labeled topic 93: Online Income
Labeled topic 94: Autism discussion
Labeled topic 95: Financial Hacking
Labeled topic 96: IT Education
Labeled topic 97: Cybersecurity, Privacy, Data Breaches
Labeled topic 98: Theater & Events
Labeled topic 99: Work-Life Balance
Labeled topic 100: Online Surveys
Labeled topic 101: Location Talk
Labeled topic 102: Car Issues
Labeled topic 103: Mental Health
Labeled topic 104: Renewable Energy
Labeled topic 105: Movie Theater
Labeled topic 106: Student Debt
Labeled topic 107: Disney Updates
Labeled topic 108: Teaching
Labeled topic 109: Military Life
Labeled topic 110: Pandemic Discussion
Labeled topic 111: Web Development
Labeled topic 112: Alcohol Issues
Labeled topic 113: Cultural Comparisons
Labeled topic 114: Theme Park Trip
Labeled topic 115: Music Discussion
Labeled topic 116: Location Talk
Labeled topic 117: Immigration Docs
Labeled topic 118: Toilet Paper Crisis
Labeled topic 119: VR Gaming
Labeled topic 120: Travel & Culture
Labeled topic 121: Video Chat
Labeled topic 122: Ticket Access
Labeled topic 123: Theater Engagement
Labeled topic 124: Boxing Techniques
Labeled topic 125: Identity & Acceptance
Labeled topic 126: Alcohol Choices
Labeled topic 127: Pandemic Response
Labeled topic 128: Customer Service
Labeled topic 129: Concert Experiences
Labeled topic 130: Genealogy
Labeled topic 131: Driving Culture
Labeled topic 132: Eye Care & Frames
Labeled topic 133: Healthcare Work
Labeled topic 134: Florida Talk
Labeled topic 135: Coronavirus
Labeled topic 136: Store Restrictions
Labeled topic 137: Procrastination
Labeled topic 138: Beach Talk
Labeled topic 139: Social Distancing
Labeled topic 140: New Jersey talk
Labeled topic 141: Retirement Plans
Labeled topic 142: Grocery Shopping
Labeled topic 143: Travel & Lifestyle
Labeled topic 144: Fireworks Noise
Labeled topic 145: Roommate Issues
Labeled topic 146: Online Dating
Labeled topic 147: Amazon MTurk
Labeled topic 148: Geography chat
Labeled topic 149: Income Management
Labeled topic 150: Skiing & Snow Activities
Labeled topic 151: Accounting Fraud
Labeled topic 152: Conspiracy
Labeled topic 153: Germ Anxiety
Labeled topic 154: Flight Deals
Labeled topic 155: Tuition Costs
Labeled topic 156: Engineering Discourse
Labeled topic 157: Anti-science debate
Labeled topic 158: Climate Preferences
Labeled topic 159: Teaching Online
Labeled topic 160: Disability Claims
Labeled topic 161: Traveling & Education
Labeled topic 162: Restaurant Rules
Labeled topic 163: Reddit usage
Labeled topic 164: Daylight Saving
Labeled topic 165: Teaching Challenges
Labeled topic 166: Arizona Cities
Labeled topic 167: Parenting issues
Labeled topic 168: Therapy Discussion
Labeled topic 169: Roller Coaster Fear
Labeled topic 170: Wealth critique
Labeled topic 171: Social Media Impact
Labeled topic 172: Smart Devices
Labeled topic 173: Weather Talks
Labeled topic 174: Sign Language
Labeled topic 175: School Pandemic
Labeled topic 176: COVID impact
Labeled topic 177: Survey Participation
Labeled topic 178: Broadway Shows
Labeled topic 179: Prolific Chat
Labeled topic 180: Traveling
Labeled topic 181: Las Vegas Talks
Labeled topic 182: Academic Feedback
Labeled topic 183: Room Arrangement
Labeled topic 184: Memory & Perception
Labeled topic 185: Hawaii travel
Labeled topic 186: Police Violence
Labeled topic 187: Meditation & Mindfulness
Labeled topic 188: Weekend Plans
Labeled topic 189: Online Transcription
Labeled topic 190: College Grades
Labeled topic 191: Travel & History
Labeled topic 192: College Costs
Labeled topic 193: Job dissatisfaction
Labeled topic 194: Internship Search
Labeled topic 195: Sightseeing
Labeled topic 196: Earthquake Talk
Labeled topic 197: Basement Issues
Labeled topic 198: Social Hangouts
Labeled topic 199: Chatting Match
Labeled topic 200: Console Preorder
Labeled topic 201: Transit & Social Distancing
Labeled topic 202: Environmental Contamination
Labeled topic 203: Online Tutoring
Labeled topic 204: Pool Issues
Labeled topic 205: Pandemic Vaccines
Labeled topic 206: Stimulus Checks
Labeled topic 207: News Consumption
Labeled topic 208: Lucid Dreaming
Labeled topic 209: Business Struggles
Labeled topic 210: Immigration & Employment
Labeled topic 211: Florida Talk
Labeled topic 212: Survey Participation
Labeled topic 213: Allergy Discussion
Labeled topic 214: College Clubs
Labeled topic 215: Hotel Work
Labeled topic 216: Survey Participation
Labeled topic 217: Pandemic Planning
Labeled topic 218: Moving Plans
Labeled topic 219: Travel Restrictions
Labeled topic 220: Scam & Privacy
Labeled topic 221: Mental Health
Labeled topic 222: Daily Plans
Labeled topic 223: Governor Criticism
Labeled topic 224: Music Education
Labeled topic 225: Chatting online
Labeled topic 226: Travel Japan
Labeled topic 227: Nonprofit Work
Labeled topic 228: Participate in Surveys
Labeled topic 229: Education Talks
Labeled topic 230: Survey Rejection
Labeled topic 231: Germany travel
Labeled topic 232: Hearing & Music
Labeled topic 233: Singles talk
Labeled topic 234: Racing Talk
Labeled topic 235: History Study
Labeled topic 236: Survey Sites
Labeled topic 237: AI & Robotics
Labeled topic 238: Dumpster Diving
Labeled topic 239: Dropshipping
Labeled topic 240: Zoom Conversations
Labeled topic 241: Travel & Culture
Labeled topic 242: Online Dating
Labeled topic 243: Laundry & Hygiene
Labeled topic 244: Counseling & Therapy
Labeled topic 245: Cruise Travel
Labeled topic 246: Art & Freelance
Labeled topic 247: Abortion debates
Labeled topic 248: Sleep Issues
Labeled topic 249: Work From Home
Labeled topic 250: Pandemic Debate
Labeled topic 251: DiscussChicago
Labeled topic 252: Criminal Justice
Labeled topic 253: Commute Changes
Labeled topic 254: Coffee & Food
Labeled topic 255: Relationship Dynamics
Labeled topic 256: MTurk Automation
Labeled topic 257: Media Devices
Labeled topic 258: Online Learning
Labeled topic 259: Dancing & Clubs
Labeled topic 260: Uber Driving
Labeled topic 261: Location Talk
Labeled topic 262: Gun-related
Labeled topic 263: Ghost Stories
Labeled topic 264: Lakes & Travel
Labeled topic 265: Event Cancellations
Labeled topic 266: Accounting Discourse
Labeled topic 267: Quarantine Discussion
Labeled topic 268: Pandemic Reopening
Labeled topic 269: MTurk Testing
Labeled topic 270: Art Education
Labeled topic 271: City Visits
Labeled topic 272: Neighbor Issues
Labeled topic 273: Teaching Options
Labeled topic 274: Time Zone Chat
Labeled topic 275: College Graduation
Labeled topic 276: Halloween & Costumes
Labeled topic 277: Climate Change
Labeled topic 278: Design Education
Labeled topic 279: Migration Plans
Labeled topic 280: Prison Reform
Labeled topic 281: Survey Participation
Labeled topic 282: Plasma Donation
Labeled topic 283: Fishing Talk
Labeled topic 284: Virtual Chat
Labeled topic 285: Social Media Fame
Labeled topic 286: Gas Prices
Labeled topic 287: Police Training
Labeled topic 288: Work & Health
Labeled topic 289: Wisconsin talk
Labeled topic 290: Education & Jobs
Labeled topic 291: Family Dynamics
Labeled topic 292: Vaccine hesitancy
Labeled topic 293: Drink Creation
Labeled topic 294: Music Discussion
Labeled topic 295: Hospital Work
Labeled topic 296: Quarantine Activities
Labeled topic 297: Age Conversations
Labeled topic 298: Microtasks
Labeled topic 299: Communication Tools
Labeled topic 300: Family Adjustments
Labeled topic 301: Cloud Computing
Labeled topic 302: COVID impact
Labeled topic 303: Education Plans
Labeled topic 304: Academic Plans
Labeled topic 305: Tipping Issues
Labeled topic 306: School & Location
Labeled topic 307: Anatomy Study
Labeled topic 308: Hair Ageing
Labeled topic 309: Urban vs Rural
Labeled topic 310: Flying Models
Labeled topic 311: Haunted Places
Labeled topic 312: Prolific chats
Labeled topic 313: Social Media Abuse
Labeled topic 314: Traffic Issues
Labeled topic 315: Music Production
Labeled topic 316: Language Learning
Labeled topic 317: Puzzle Apps
Labeled topic 318: Addiction Recovery
Labeled topic 319: Working Flex
Labeled topic 320: Video Chatting
Labeled topic 321: Walmart Fan
Labeled topic 322: Home Work
Labeled topic 323: High school connections
Labeled topic 324: Sexual Difficulties
Labeled topic 325: Yoga & Exercise
Labeled topic 326: Tornado Preparedness
Labeled topic 327: Travel Restrictions
Labeled topic 328: Dating & Communication
Labeled topic 329: Pet Talk
Labeled topic 330: Dental Habits
Labeled topic 331: Gun Shopping
Labeled topic 332: Remote Work
Labeled topic 333: Dual Citizenship
Labeled topic 334: California talk
Labeled topic 335: Dino Interests
Labeled topic 336: Income & Taxes
Labeled topic 337: Virus & Schools
Labeled topic 338: Mountain Trips
Labeled topic 339: Alcohol trends
Labeled topic 340: Conversation
Labeled topic 341: Pandemic Impact
Labeled topic 342: Travel Restrictions
Labeled topic 343: Study Abroad
Labeled topic 344: Chatting Intro
Labeled topic 345: Medical Communication
Labeled topic 346: Math Classes
Labeled topic 347: Color speculation
Labeled topic 348: Survey Work
Labeled topic 349: California life
Labeled topic 350: Phone Scams
Labeled topic 351: Memes & Social Media
Labeled topic 352: Engineering choices
Labeled topic 353: Age Matching
Labeled topic 354: Travel & Work
Labeled topic 355: Legal Work
Labeled topic 356: Chatting online
Labeled topic 357: Twitch Streaming
Labeled topic 358: Online Shopping
Saved: /home/xpan02/topic_recurrence/data/topic-label_llama_all.csv
